2024-12-25 07:41:16,588 - INFO - Logging initialized.
2024-12-25 07:41:16,588 - INFO - Settings loaded successfully.
2024-12-25 07:41:16,721 - INFO - File k:\Programming\Python\S2T_EKP\S2T\Маппинг на витрину Кредитное соглашение\DDS_ENT_AGR_COND.sql opened successfully.
2024-12-25 07:41:16,777 - INFO - Extracted 66 lines ending with AS (.
2024-12-25 07:41:16,788 - INFO - CTE list updated with lines ending with AS (.
2024-12-25 07:41:16,810 - INFO - Found 72 lines ending with 'AS ('.
2024-12-25 07:41:16,828 - INFO - Found 138 single-line comments.
2024-12-25 07:41:16,874 - INFO - Found 73 multi-line comments.
2024-12-25 07:41:16,891 - INFO - Editor content highlighted.
2024-12-25 07:41:16,946 - INFO - Extracted 66 lines ending with AS (.
2024-12-25 07:41:16,958 - INFO - CTE list updated with lines ending with AS (.
2024-12-25 08:50:30,754 - INFO - Application started
2024-12-25 08:51:13,383 - INFO - Application started
2024-12-25 08:51:14,193 - INFO - Button clicked
2024-12-25 08:51:16,534 - INFO - Button clicked
2024-12-25 08:51:17,188 - INFO - Button clicked
2024-12-25 08:51:18,515 - INFO - Button clicked
2024-12-25 08:55:51,595 - INFO - Application started
2024-12-27 06:34:00,756 - INFO - Application started
2024-12-27 06:34:10,344 - INFO - Application started
2024-12-27 06:34:11,308 - INFO - Button clicked
2024-12-27 06:34:12,248 - INFO - Button clicked
2024-12-27 06:34:12,905 - INFO - Button clicked
2024-12-27 06:34:14,722 - INFO - Button clicked
2024-12-27 06:34:15,382 - INFO - Button clicked
2024-12-27 06:34:16,124 - INFO - Button clicked
2024-12-27 06:34:16,829 - INFO - Button clicked
2024-12-27 06:34:17,540 - INFO - Button clicked
2024-12-27 06:34:18,156 - INFO - Button clicked
2024-12-27 07:55:53,437 - INFO - Starting the application...
2024-12-27 07:55:55,860 - ERROR - An error occurred: 'Application' object has no attribute 'run'
2024-12-27 08:09:14,399 - INFO - Starting the application...
2024-12-27 08:09:14,519 - ERROR - An error occurred: AppGUI.__init__() missing 1 required positional argument: 'on_button_click'
2024-12-27 08:09:26,164 - INFO - Starting the application...
2024-12-27 08:09:26,265 - ERROR - An error occurred: AppGUI.__init__() missing 1 required positional argument: 'on_button_click'
2024-12-27 08:09:40,912 - INFO - Starting the application...
2024-12-27 08:09:41,018 - ERROR - An error occurred: 'AppGUI' object has no attribute 'button'
2024-12-27 08:09:49,621 - INFO - Starting the application...
2024-12-27 08:09:52,754 - ERROR - An error occurred: 'Application' object has no attribute 'run'
2024-12-27 08:09:54,391 - INFO - Starting the application...
2024-12-27 08:10:00,282 - ERROR - An error occurred: 'Application' object has no attribute 'run'
2024-12-27 08:10:07,331 - INFO - Starting the application...
2024-12-27 08:10:09,826 - ERROR - An error occurred: 'Application' object has no attribute 'run'
2024-12-28 06:12:10,908 - INFO - Starting the application...
2024-12-28 06:12:14,687 - ERROR - An error occurred: 'Application' object has no attribute 'run'
2024-12-28 06:14:07,187 - INFO - Starting the application...
2024-12-28 06:14:12,629 - ERROR - An error occurred: 'Application' object has no attribute 'run'
2024-12-28 06:14:26,769 - INFO - Starting the application...
2024-12-28 06:14:34,944 - ERROR - An error occurred: 'Application' object has no attribute 'run'
2024-12-28 06:15:42,528 - INFO - Starting the application...
2024-12-28 06:16:02,543 - ERROR - An error occurred: 'Application' object has no attribute 'run'
2024-12-28 08:19:04,815 - INFO - Starting the application...
2024-12-28 08:19:06,830 - ERROR - An error occurred: 'Application' object has no attribute 'run'
2024-12-28 08:25:12,000 - INFO - Starting the application...
2024-12-28 08:25:13,260 - ERROR - An error occurred: 'Application' object has no attribute 'run'
2024-12-28 08:25:24,777 - INFO - Starting the application...
2024-12-28 08:25:26,226 - ERROR - An error occurred: 'Application' object has no attribute 'run'
2024-12-31 06:53:05,910 - INFO - Starting the application...
2024-12-31 06:53:08,965 - ERROR - An error occurred: 'Application' object has no attribute 'run'
2024-12-31 07:52:21,266 - INFO - Starting the application...
2024-12-31 07:52:23,720 - ERROR - An error occurred: 'Application' object has no attribute 'run'
2024-12-31 08:01:22,177 - INFO - Starting the application...
2024-12-31 08:01:23,992 - ERROR - An error occurred: 'Application' object has no attribute 'run'
2024-12-31 08:13:34,278 - INFO - Starting the application...
2024-12-31 08:13:36,411 - ERROR - An error occurred: 'Application' object has no attribute 'run'
2025-01-03 05:45:29,162 - INFO - Starting the application...
2025-01-03 05:45:31,056 - ERROR - An error occurred: 'Application' object has no attribute 'run'
