2024-12-21 07:07:55,519 - INFO - Logging initialized.
2024-12-21 07:07:55,520 - INFO - Settings loaded successfully.
2024-12-21 07:07:55,635 - INFO - File ./s2t/ekp\dds_ent_agr_cond.sql opened successfully.
2024-12-21 07:07:55,642 - INFO - Extracted 1 CTEs from content.
2024-12-21 07:07:55,643 - INFO - CTE list updated.
2024-12-21 07:07:55,801 - INFO - Editor content highlighted.
2024-12-21 07:07:55,854 - INFO - Lines ending with AS ( updated.
2024-12-21 07:08:40,955 - INFO - Editor content highlighted.
2024-12-21 07:08:41,011 - INFO - Lines ending with AS ( updated.
2024-12-21 07:08:41,211 - INFO - Editor content highlighted.
2024-12-21 07:08:41,265 - INFO - Lines ending with AS ( updated.
2024-12-21 07:08:41,906 - INFO - Editor content highlighted.
2024-12-21 07:08:41,969 - INFO - Lines ending with AS ( updated.
2024-12-21 07:08:42,425 - INFO - Editor content highlighted.
2024-12-21 07:08:42,480 - INFO - Lines ending with AS ( updated.
2024-12-21 07:08:42,691 - INFO - Editor content highlighted.
2024-12-21 07:08:42,745 - INFO - Lines ending with AS ( updated.
2024-12-21 07:08:42,907 - INFO - Editor content highlighted.
2024-12-21 07:08:42,963 - INFO - Lines ending with AS ( updated.
2024-12-21 07:08:43,324 - INFO - Editor content highlighted.
2024-12-21 07:08:43,379 - INFO - Lines ending with AS ( updated.
2024-12-21 07:08:43,548 - INFO - Editor content highlighted.
2024-12-21 07:08:43,605 - INFO - Lines ending with AS ( updated.
2024-12-21 07:08:43,744 - INFO - Editor content highlighted.
2024-12-21 07:08:43,800 - INFO - Lines ending with AS ( updated.
2024-12-21 07:08:47,156 - INFO - Editor content highlighted.
2024-12-21 07:08:47,219 - INFO - Lines ending with AS ( updated.
2024-12-21 07:08:47,369 - INFO - Editor content highlighted.
2024-12-21 07:08:47,425 - INFO - Lines ending with AS ( updated.
2024-12-21 07:08:47,813 - INFO - Editor content highlighted.
2024-12-21 07:08:47,867 - INFO - Lines ending with AS ( updated.
2024-12-21 07:08:48,020 - INFO - Editor content highlighted.
2024-12-21 07:08:48,078 - INFO - Lines ending with AS ( updated.
2024-12-21 07:08:48,441 - INFO - Editor content highlighted.
2024-12-21 07:08:48,496 - INFO - Lines ending with AS ( updated.
